[IDE] IDE 当前版本 1.2.1 
[IDE] ERROR: 启动ADB服务失败! 原因描述:
[IDE] 检测已连接的Android设备...
****************************** 开始同步 iOS ******************************
[IDE] Widget 路径: E:\workspace\vue_for_mdlife\vue_for_mdlife_v1\app
[IDE] 检查是否设置了自定义应用加载器...
[IDE] 使用自定义应用加载器...
[IDE] 准备将 Widget 复制到tmp目录下...
[IDE] Widget复制到tmp目录完成.
[IDE] 开始iOS真机同步...
[IDE] 已连接到iOS设备: “ACER”的 iPhone (Model: iPhone9,1 iOS: 13.3.1)
[IDE] 检查应用加载器是否安装...
[IDE] 已安装MDLIFE应用加载器版本:1.0.1
[IDE] ==========开始推送widget文件到应用装载器中====================
[IDE] 推送文件:/config.json
[IDE] ================widget文件推送完毕===================================
[IDE] iOS设备上已运行的应用加载器将被关闭...
[IDE] 请重新运行iOS设备上的应用加载器...
[IDE] ====================开始监控日志=====================================
[IDE] 2020-12-29 09:39:57.367 MDLIFE[4611:237250] 当前网络:wifi
[IDE] 2020-12-29 09:39:57.548 MDLIFE[4611:237250] 程序获得焦点
[IDE] 2020-12-29 09:39:58.315 MDLIFE[4611:237266] [ConsoleMsg] [HMR] Waiting for update signal from WDS...
[IDE] 2020-12-29 09:39:58.567 MDLIFE[4611:237250] 没有权限申明，不显示
[IDE] 2020-12-29 09:39:58.941 MDLIFE[4611:237266] [root] md.openFrame  {  "rect" : {  },  "bounces" : false,  "name" : "login",  "url" : "http://192.168.21.153:8080/login/index.html#/login",  "reload" : true}
[IDE] 2020-12-29 09:39:58.941 MDLIFE[4611:237266] [root] md.closeFrameGroup  {  "name" : "homeGroup"}
[IDE] 2020-12-29 09:39:58.949 MDLIFE[4611:237266] [root] md.openFrameGroup  {  "preload" : 3,  "frames" : [    {      "bgColor" : "#ffffff",      "bounces" : false,      "name" : "page1",      "url" : "http://192.168.21.153:8080/page1/index.html#/module1"    },    {      "bgColor" : "#ffffff",      "bounces" : false,      "name" : "page2",      "url" : "http://192.168.21.153:8080/page2/index.html#/module1"    }  ],  "scrollEnabled" : false,  "rect" : {    "y" : 0,    "w" : 375,    "x" : 0,    "h" : 597  },  "background" : "#ffffff",  "frameRelation" : {    "type" : "below",    "name" : "login"  },  "name" : "homeGroup",  "index" : 0}
[IDE] 2020-12-29 09:39:58.983 MDLIFE[4611:237266] [ConsoleMsg] page1发生改变 | 索引:0
[IDE] 2020-12-29 09:39:59.026 MDLIFE[4611:237266] [ConsoleMsg] [HMR] Waiting for update signal from WDS...
[IDE] 2020-12-29 09:39:59.202 MDLIFE[4611:237266] [ConsoleMsg] [HMR] Waiting for update signal from WDS...
[IDE] 2020-12-29 09:39:59.514 MDLIFE[4611:237266] [ConsoleMsg] [HMR] Waiting for update signal from WDS...
[IDE] 2020-12-29 09:40:01.247 MDLIFE[4611:237250] API error: <_UIKBCompatInputView: 0x103183ec0; frame = (0 0; 0 0); layer = <CALayer: 0x283c34620>> returned 0 width, assuming UIViewNoIntrinsicMetric
[IDE] 2020-12-29 09:40:01.247 MDLIFE[4611:237250] API error: <_UIKBCompatInputView: 0x103183ec0; frame = (0 0; 0 0); layer = <CALayer: 0x283c34620>> returned 0 width, assuming UIViewNoIntrinsicMetric
[IDE] 2020-12-29 09:40:20.983 MDLIFE[4611:237250] [ConsoleMsg] [object Object]
[IDE] 2020-12-29 09:40:20.984 MDLIFE[4611:237250] [login] md.closeFrame  {}
[IDE] 2020-12-29 10:22:20.827 MDLIFE[4611:237250] [root] md.setFrameGroupIndex  {  "scroll" : false,  "reload" : false,  "name" : "homeGroup",  "index" : 1}
[IDE] 2020-12-29 10:22:20.879 MDLIFE[4611:237266] [ConsoleMsg] page2发生改变 | 索引:1
